d:\interngameproj\bt5\minigamestarter\trainingframework\debug-angle\vc142.pdb
d:\interngameproj\bt5\minigamestarter\trainingframework\debug-angle\vc142.idb
d:\interngameproj\bt5\minigamestarter\trainingframework\debug-angle\gamestatebase.obj
d:\interngameproj\bt5\minigamestarter\trainingframework\debug-angle\gsmenu.obj
d:\interngameproj\bt5\minigamestarter\trainingframework\debug-angle\trainingframework.obj
d:\interngameproj\bt5\minigamestarter\trainingframework\debug-angle\gamestatemachine.obj
d:\interngameproj\bt5\minigamestarter\trainingframework\debug-angle\gsplay.obj
d:\interngameproj\bt5\minigamestarter\trainingframework\debug-angle\gsintro.obj
d:\interngameproj\bt5\minigamestarter\trainingframework\debug-angle\gscredit.obj
d:\interngameproj\bt5\minigamestarter\trainingframework\debug-angle\texture.obj
d:\interngameproj\bt5\minigamestarter\trainingframework\debug-angle\text.obj
d:\interngameproj\bt5\minigamestarter\trainingframework\debug-angle\sprite3d.obj
d:\interngameproj\bt5\minigamestarter\trainingframework\debug-angle\sprite2d.obj
d:\interngameproj\bt5\minigamestarter\trainingframework\debug-angle\shader.obj
d:\interngameproj\bt5\minigamestarter\trainingframework\debug-angle\model.obj
d:\interngameproj\bt5\minigamestarter\trainingframework\debug-angle\gamebutton.obj
d:\interngameproj\bt5\minigamestarter\trainingframework\debug-angle\font.obj
d:\interngameproj\bt5\minigamestarter\trainingframework\debug-angle\camera.obj
d:\interngameproj\bt5\minigamestarter\trainingframework\debug-angle\resourcemanagers.obj
d:\interngameproj\bt5\minigamestarter\trainingframework\debug-angle\application.obj
d:\interngameproj\bt5\minigamestarter\bin-angle\trainingframework.exe
d:\interngameproj\bt5\minigamestarter\trainingframework\debug-angle\trainingframework.ilk
d:\interngameproj\bt5\minigamestarter\bin-angle\trainingframework.pdb
d:\interngameproj\bt5\minigamestarter\\bin-angle\trainingframework.pdb
d:\interngameproj\bt5\minigamestarter\trainingframework\debug-angle\training.fc024ec8.tlog\cl.command.1.tlog
d:\interngameproj\bt5\minigamestarter\trainingframework\debug-angle\training.fc024ec8.tlog\cl.read.1.tlog
d:\interngameproj\bt5\minigamestarter\trainingframework\debug-angle\training.fc024ec8.tlog\cl.write.1.tlog
d:\interngameproj\bt5\minigamestarter\trainingframework\debug-angle\training.fc024ec8.tlog\link.command.1.tlog
d:\interngameproj\bt5\minigamestarter\trainingframework\debug-angle\training.fc024ec8.tlog\link.read.1.tlog
d:\interngameproj\bt5\minigamestarter\trainingframework\debug-angle\training.fc024ec8.tlog\link.write.1.tlog
